Исходные данные__:
  По порядку:
  8 Пушкин Онегин 1890 500
  4 Матрос Юнга 1986 400
  3 Иван_Без Сатана 1900 666
  2 Илья Танцы 2014 100

  По алфавиту:
  3 Иван_Без Сатана 1900 666
  2 Илья Танцы 2014 100
  4 Матрос Юнга 1986 400
  8 Пушкин Онегин 1890 500

Новые данные__:
  По порядку:
  8 Пушкин Онегин 1890 500
  4 Матрос Юнга 1986 400
  3 Иван_Без Сатана 1900 666
  2 Илья Танцы 2014 100
 99 Верен Паскаль 2009 10500

  По алфавиту:
 99 Верен Паскаль 2009 10500
  3 Иван_Без Сатана 1900 666
  2 Илья Танцы 2014 100
  4 Матрос Юнга 1986 400
  8 Пушкин Онегин 1890 500

